Using pre-set license
Built from '2020.3/staging' branch; Version is '2020.3.8f1 (507919d4fff5) revision 5273881'; Using compiler version '192528614'; Build Type 'Release'
OS: 'Windows 10 Pro; OS build 19043.1237; Version 2009; 64bit' Language: 'de' Physical Memory: 16312 MB
BatchMode: 1, IsHumanControllingUs: 0, StartBugReporterOnCrash: 0, Is64bit: 1, IsPro: 0

 COMMAND LINE ARGUMENTS:
D:\Programme\UnityInstalls\2020.3.8f1\Editor\Unity.exe
-adb2
-batchMode
-noUpm
-name
AssetImportWorker0
-projectPath
D:/Megumin vs. Monsters
-logFile
Logs/AssetImportWorker0.log
-srvPort
49348
Successfully changed project path to: D:/Megumin vs. Monsters
D:/Megumin vs. Monsters
Using Asset Import Pipeline V2.
Refreshing native plugins compatible for Editor in 42.40 ms, found 1 plugins.
Preloading 0 native plugins for Editor in 0.00 ms.
Initialize engine version: 2020.3.8f1 (507919d4fff5)
[Subsystems] Discovering subsystems at path D:/Programme/UnityInstalls/2020.3.8f1/Editor/Data/Resources/UnitySubsystems
[Subsystems] Discovering subsystems at path D:/Megumin vs. Monsters/Assets
GfxDevice: creating device client; threaded=0
Direct3D:
    Version:  Direct3D 11.0 [level 11.1]
    Renderer: AMD Radeon(TM) RX 560 Series (ID=0x67ef)
    Vendor:   
    VRAM:     4075 MB
    Driver:   27.20.22023.1004
Initialize mono
Mono path[0] = 'D:/Programme/UnityInstalls/2020.3.8f1/Editor/Data/Managed'
Mono path[1] = 'D:/Programme/UnityInstalls/2020.3.8f1/Editor/Data/MonoBleedingEdge/lib/mono/unityjit'
Mono config path = 'D:/Programme/UnityInstalls/2020.3.8f1/Editor/Data/MonoBleedingEdge/etc'
Using monoOptions --debugger-agent=transport=dt_socket,embedding=1,server=y,suspend=n,address=127.0.0.1:56892
Begin MonoManager ReloadAssembly
Registering precompiled unity dll's ...
Register platform support module: D:/Programme/UnityInstalls/2020.3.8f1/Editor/Data/PlaybackEngines/WindowsStandaloneSupport/UnityEditor.WindowsStandalone.Extensions.dll
Registered in 0.001308 seconds.
Native extension for WindowsStandalone target not found
Refreshing native plugins compatible for Editor in 44.38 ms, found 1 plugins.
Preloading 0 native plugins for Editor in 0.00 ms.
Mono: successfully reloaded assembly
- Completed reload, in  1.954 seconds
Platform modules already initialized, skipping
Registering precompiled user dll's ...
Registered in 0.001023 seconds.
Begin MonoManager ReloadAssembly
Native extension for WindowsStandalone target not found
Refreshing native plugins compatible for Editor in 44.74 ms, found 1 plugins.
Preloading 0 native plugins for Editor in 0.00 ms.
Mono: successfully reloaded assembly
- Completed reload, in  1.184 seconds
Platform modules already initialized, skipping
========================================================================
Worker process is ready to serve import requests
Launched and connected shader compiler UnityShaderCompiler.exe after 0.06 seconds
Refreshing native plugins compatible for Editor in 0.45 ms, found 1 plugins.
Preloading 0 native plugins for Editor in 0.00 ms.
Unloading 1822 Unused Serialized files (Serialized files now loaded: 0)
System memory in use before: 87.1 MB.
System memory in use after: 87.1 MB.

Unloading 24 unused Assets to reduce memory usage. Loaded Objects now: 2265.
Total: 2.632800 ms (FindLiveObjects: 0.257600 ms CreateObjectMapping: 0.079900 ms MarkObjects: 2.119200 ms  DeleteObjects: 0.174600 ms)

========================================================================
Received Import Request.
  path: Assets/Scripts/Title Screen/UIManager.cs
  artifactKey: Guid(03de9b374030092458256574f632fc54) Importer(815301076,1909f56bfc062723c751e8b465ee728b)
Start importing Assets/Scripts/Title Screen/UIManager.cs using Guid(03de9b374030092458256574f632fc54) Importer(815301076,1909f56bfc062723c751e8b465ee728b)  -> (artifact id: '8f3e3e4548f4267ab6f400ef45b56119') in 0.073628 seconds
  Import took 0.077878 seconds .

========================================================================
Received Prepare
Registering precompiled user dll's ...
Registered in 0.000929 seconds.
Begin MonoManager ReloadAssembly
Native extension for WindowsStandalone target not found
Refreshing native plugins compatible for Editor in 0.40 ms, found 1 plugins.
Preloading 0 native plugins for Editor in 0.00 ms.
Mono: successfully reloaded assembly
- Completed reload, in  1.076 seconds
Platform modules already initialized, skipping
Refreshing native plugins compatible for Editor in 0.39 ms, found 1 plugins.
Preloading 0 native plugins for Editor in 0.00 ms.
Unloading 1804 Unused Serialized files (Serialized files now loaded: 0)
System memory in use before: 85.8 MB.
System memory in use after: 85.8 MB.

Unloading 12 unused Assets to reduce memory usage. Loaded Objects now: 2269.
Total: 2.242700 ms (FindLiveObjects: 0.213400 ms CreateObjectMapping: 0.044700 ms MarkObjects: 1.843500 ms  DeleteObjects: 0.139900 ms)

========================================================================
Received Import Request.
  Time since last request: 90.103560 seconds.
  path: Assets/Scripts/Title Screen/UIManager.cs
  artifactKey: Guid(03de9b374030092458256574f632fc54) Importer(815301076,1909f56bfc062723c751e8b465ee728b)
Start importing Assets/Scripts/Title Screen/UIManager.cs using Guid(03de9b374030092458256574f632fc54) Importer(815301076,1909f56bfc062723c751e8b465ee728b)  -> (artifact id: 'ec1f4efe4e028d8171c9c887ad876c27') in 0.009978 seconds
  Import took 0.019545 seconds .

========================================================================
Received Prepare
Registering precompiled user dll's ...
Registered in 0.001009 seconds.
Begin MonoManager ReloadAssembly
Native extension for WindowsStandalone target not found
Refreshing native plugins compatible for Editor in 0.47 ms, found 1 plugins.
Preloading 0 native plugins for Editor in 0.00 ms.
Mono: successfully reloaded assembly
- Completed reload, in  1.109 seconds
Platform modules already initialized, skipping
Refreshing native plugins compatible for Editor in 0.43 ms, found 1 plugins.
Preloading 0 native plugins for Editor in 0.00 ms.
Unloading 1804 Unused Serialized files (Serialized files now loaded: 0)
System memory in use before: 85.9 MB.
System memory in use after: 85.8 MB.

Unloading 12 unused Assets to reduce memory usage. Loaded Objects now: 2273.
Total: 2.500700 ms (FindLiveObjects: 0.224300 ms CreateObjectMapping: 0.052600 ms MarkObjects: 2.069700 ms  DeleteObjects: 0.152900 ms)

========================================================================
Received Prepare
Registering precompiled user dll's ...
Registered in 0.000948 seconds.
Begin MonoManager ReloadAssembly
Native extension for WindowsStandalone target not found
Refreshing native plugins compatible for Editor in 0.39 ms, found 1 plugins.
Preloading 0 native plugins for Editor in 0.00 ms.
Mono: successfully reloaded assembly
- Completed reload, in  1.115 seconds
Platform modules already initialized, skipping
Refreshing native plugins compatible for Editor in 0.39 ms, found 1 plugins.
Preloading 0 native plugins for Editor in 0.00 ms.
Unloading 1804 Unused Serialized files (Serialized files now loaded: 0)
System memory in use before: 85.9 MB.
System memory in use after: 85.9 MB.

Unloading 12 unused Assets to reduce memory usage. Loaded Objects now: 2277.
Total: 2.964900 ms (FindLiveObjects: 0.249400 ms CreateObjectMapping: 0.063000 ms MarkObjects: 2.509400 ms  DeleteObjects: 0.141000 ms)

========================================================================
Received Import Request.
  Time since last request: 160.060375 seconds.
  path: Assets/Scripts/Title Screen/UIManager.cs
  artifactKey: Guid(03de9b374030092458256574f632fc54) Importer(815301076,1909f56bfc062723c751e8b465ee728b)
Start importing Assets/Scripts/Title Screen/UIManager.cs using Guid(03de9b374030092458256574f632fc54) Importer(815301076,1909f56bfc062723c751e8b465ee728b)  -> (artifact id: '811bce4c1542d431d3eee57a968452b5') in 0.006247 seconds
  Import took 0.009799 seconds .

========================================================================
Received Prepare
Registering precompiled user dll's ...
Registered in 0.001791 seconds.
Begin MonoManager ReloadAssembly
Native extension for WindowsStandalone target not found
Refreshing native plugins compatible for Editor in 0.54 ms, found 1 plugins.
Preloading 0 native plugins for Editor in 0.00 ms.
Mono: successfully reloaded assembly
- Completed reload, in  1.084 seconds
Platform modules already initialized, skipping
Refreshing native plugins compatible for Editor in 0.43 ms, found 1 plugins.
Preloading 0 native plugins for Editor in 0.00 ms.
Unloading 1804 Unused Serialized files (Serialized files now loaded: 0)
System memory in use before: 85.9 MB.
System memory in use after: 85.9 MB.

Unloading 12 unused Assets to reduce memory usage. Loaded Objects now: 2281.
Total: 2.590900 ms (FindLiveObjects: 0.218000 ms CreateObjectMapping: 0.044700 ms MarkObjects: 2.176800 ms  DeleteObjects: 0.150000 ms)

========================================================================
Received Import Request.
  Time since last request: 180.050370 seconds.
  path: Assets/Scripts/Title Screen/UIManager.cs
  artifactKey: Guid(03de9b374030092458256574f632fc54) Importer(815301076,1909f56bfc062723c751e8b465ee728b)
Start importing Assets/Scripts/Title Screen/UIManager.cs using Guid(03de9b374030092458256574f632fc54) Importer(815301076,1909f56bfc062723c751e8b465ee728b)  -> (artifact id: '19bdb72456ea3e60137189e88ba6d626') in 0.005648 seconds
  Import took 0.008943 seconds .

========================================================================
Received Import Request.
  Time since last request: 76.855073 seconds.
  path: Assets/Scenes/TitleScreen.unity
  artifactKey: Guid(dcbf35fe410038847a0fb94febcd15cd) Importer(815301076,1909f56bfc062723c751e8b465ee728b)
Start importing Assets/Scenes/TitleScreen.unity using Guid(dcbf35fe410038847a0fb94febcd15cd) Importer(815301076,1909f56bfc062723c751e8b465ee728b)  -> (artifact id: '1b4485630460132d615c882ddf02d3d6') in 0.019313 seconds
  Import took 0.048182 seconds .

========================================================================
Received Prepare
Registering precompiled user dll's ...
Registered in 0.000895 seconds.
Begin MonoManager ReloadAssembly
Native extension for WindowsStandalone target not found
Refreshing native plugins compatible for Editor in 0.39 ms, found 1 plugins.
Preloading 0 native plugins for Editor in 0.00 ms.
Mono: successfully reloaded assembly
- Completed reload, in  1.084 seconds
Platform modules already initialized, skipping
Refreshing native plugins compatible for Editor in 0.39 ms, found 1 plugins.
Preloading 0 native plugins for Editor in 0.00 ms.
Unloading 1804 Unused Serialized files (Serialized files now loaded: 0)
System memory in use before: 85.9 MB.
System memory in use after: 85.9 MB.

Unloading 12 unused Assets to reduce memory usage. Loaded Objects now: 2285.
Total: 2.885700 ms (FindLiveObjects: 0.222300 ms CreateObjectMapping: 0.053600 ms MarkObjects: 2.439100 ms  DeleteObjects: 0.169300 ms)

========================================================================
Received Import Request.
  Time since last request: 49.398778 seconds.
  path: Assets/Scripts/Title Screen/UIManager.cs
  artifactKey: Guid(03de9b374030092458256574f632fc54) Importer(815301076,1909f56bfc062723c751e8b465ee728b)
Start importing Assets/Scripts/Title Screen/UIManager.cs using Guid(03de9b374030092458256574f632fc54) Importer(815301076,1909f56bfc062723c751e8b465ee728b)  -> (artifact id: '7586cb555c92616f22231bb1716de56c') in 0.005549 seconds
  Import took 0.009338 seconds .

========================================================================
Received Prepare
Registering precompiled user dll's ...
Registered in 0.001145 seconds.
Begin MonoManager ReloadAssembly
Native extension for WindowsStandalone target not found
Refreshing native plugins compatible for Editor in 0.41 ms, found 1 plugins.
Preloading 0 native plugins for Editor in 0.00 ms.
Mono: successfully reloaded assembly
- Completed reload, in  1.092 seconds
Platform modules already initialized, skipping
Refreshing native plugins compatible for Editor in 0.40 ms, found 1 plugins.
Preloading 0 native plugins for Editor in 0.00 ms.
Unloading 1804 Unused Serialized files (Serialized files now loaded: 0)
System memory in use before: 85.9 MB.
System memory in use after: 85.9 MB.

Unloading 12 unused Assets to reduce memory usage. Loaded Objects now: 2289.
Total: 3.024700 ms (FindLiveObjects: 0.244800 ms CreateObjectMapping: 0.061600 ms MarkObjects: 2.544200 ms  DeleteObjects: 0.172400 ms)

========================================================================
Received Prepare
Registering precompiled user dll's ...
Registered in 0.000959 seconds.
Begin MonoManager ReloadAssembly
Native extension for WindowsStandalone target not found
Refreshing native plugins compatible for Editor in 0.43 ms, found 1 plugins.
Preloading 0 native plugins for Editor in 0.00 ms.
Mono: successfully reloaded assembly
- Completed reload, in  1.061 seconds
Platform modules already initialized, skipping
Refreshing native plugins compatible for Editor in 0.38 ms, found 1 plugins.
Preloading 0 native plugins for Editor in 0.00 ms.
Unloading 1804 Unused Serialized files (Serialized files now loaded: 0)
System memory in use before: 85.9 MB.
System memory in use after: 85.9 MB.

Unloading 12 unused Assets to reduce memory usage. Loaded Objects now: 2293.
Total: 2.965100 ms (FindLiveObjects: 0.241700 ms CreateObjectMapping: 0.084500 ms MarkObjects: 2.466200 ms  DeleteObjects: 0.171000 ms)

========================================================================
Received Prepare
Registering precompiled user dll's ...
Registered in 0.001186 seconds.
Begin MonoManager ReloadAssembly
Native extension for WindowsStandalone target not found
Refreshing native plugins compatible for Editor in 0.49 ms, found 1 plugins.
Preloading 0 native plugins for Editor in 0.00 ms.
Mono: successfully reloaded assembly
- Completed reload, in  1.061 seconds
Platform modules already initialized, skipping
Refreshing native plugins compatible for Editor in 0.49 ms, found 1 plugins.
Preloading 0 native plugins for Editor in 0.00 ms.
Unloading 1804 Unused Serialized files (Serialized files now loaded: 0)
System memory in use before: 86.0 MB.
System memory in use after: 85.9 MB.

Unloading 12 unused Assets to reduce memory usage. Loaded Objects now: 2297.
Total: 2.941200 ms (FindLiveObjects: 0.251900 ms CreateObjectMapping: 0.083300 ms MarkObjects: 2.411200 ms  DeleteObjects: 0.192500 ms)

========================================================================
Received Import Request.
  Time since last request: 3738.465964 seconds.
  path: Assets/Scenes/TitleScreen.unity
  artifactKey: Guid(dcbf35fe410038847a0fb94febcd15cd) Importer(815301076,1909f56bfc062723c751e8b465ee728b)
Start importing Assets/Scenes/TitleScreen.unity using Guid(dcbf35fe410038847a0fb94febcd15cd) Importer(815301076,1909f56bfc062723c751e8b465ee728b)  -> (artifact id: 'd98efab4ff03fb55e4e81622bfa6f252') in 0.023370 seconds
  Import took 0.027390 seconds .

========================================================================
Received Prepare
Refreshing native plugins compatible for Editor in 1.84 ms, found 1 plugins.
Preloading 0 native plugins for Editor in 0.00 ms.
Unloading 10 Unused Serialized files (Serialized files now loaded: 0)
System memory in use before: 50.5 MB.
System memory in use after: 50.5 MB.

Unloading 10 unused Assets to reduce memory usage. Loaded Objects now: 2297.
Total: 2.977800 ms (FindLiveObjects: 0.240000 ms CreateObjectMapping: 0.052700 ms MarkObjects: 2.523200 ms  DeleteObjects: 0.160900 ms)

========================================================================
Received Prepare
Refreshing native plugins compatible for Editor in 1.57 ms, found 1 plugins.
Preloading 0 native plugins for Editor in 0.00 ms.
Unloading 10 Unused Serialized files (Serialized files now loaded: 0)
System memory in use before: 50.5 MB.
System memory in use after: 50.5 MB.

Unloading 10 unused Assets to reduce memory usage. Loaded Objects now: 2297.
Total: 3.333500 ms (FindLiveObjects: 0.221100 ms CreateObjectMapping: 0.051800 ms MarkObjects: 2.880500 ms  DeleteObjects: 0.178800 ms)

========================================================================
Received Import Request.
  Time since last request: 473.669247 seconds.
  path: Assets/Scripts/NewBehaviourScript.cs
  artifactKey: Guid(24ffc6352f60cf941a0b090a05b7f050) Importer(815301076,1909f56bfc062723c751e8b465ee728b)
Start importing Assets/Scripts/NewBehaviourScript.cs using Guid(24ffc6352f60cf941a0b090a05b7f050) Importer(815301076,1909f56bfc062723c751e8b465ee728b)  -> (artifact id: 'a3f51506c7fb9594e176d459d6127023') in 0.012449 seconds
  Import took 0.015514 seconds .

========================================================================
Received Prepare
Registering precompiled user dll's ...
Registered in 0.000900 seconds.
Begin MonoManager ReloadAssembly
Native extension for WindowsStandalone target not found
Refreshing native plugins compatible for Editor in 0.42 ms, found 1 plugins.
Preloading 0 native plugins for Editor in 0.00 ms.
Mono: successfully reloaded assembly
- Completed reload, in  1.085 seconds
Platform modules already initialized, skipping
Refreshing native plugins compatible for Editor in 0.39 ms, found 1 plugins.
Preloading 0 native plugins for Editor in 0.00 ms.
Unloading 1805 Unused Serialized files (Serialized files now loaded: 0)
System memory in use before: 86.0 MB.
System memory in use after: 86.0 MB.

Unloading 12 unused Assets to reduce memory usage. Loaded Objects now: 2302.
Total: 3.575400 ms (FindLiveObjects: 0.425000 ms CreateObjectMapping: 0.183700 ms MarkObjects: 2.807000 ms  DeleteObjects: 0.158000 ms)

========================================================================
Received Prepare
Registering precompiled user dll's ...
Registered in 0.000921 seconds.
Begin MonoManager ReloadAssembly
Native extension for WindowsStandalone target not found
Refreshing native plugins compatible for Editor in 0.42 ms, found 1 plugins.
Preloading 0 native plugins for Editor in 0.00 ms.
Mono: successfully reloaded assembly
- Completed reload, in  1.126 seconds
Platform modules already initialized, skipping
Refreshing native plugins compatible for Editor in 0.39 ms, found 1 plugins.
Preloading 0 native plugins for Editor in 0.00 ms.
Unloading 1804 Unused Serialized files (Serialized files now loaded: 0)
System memory in use before: 86.0 MB.
System memory in use after: 86.0 MB.

Unloading 13 unused Assets to reduce memory usage. Loaded Objects now: 2305.
Total: 2.859800 ms (FindLiveObjects: 0.246800 ms CreateObjectMapping: 0.061000 ms MarkObjects: 2.389100 ms  DeleteObjects: 0.161200 ms)

========================================================================
Received Import Request.
  Time since last request: 14.454669 seconds.
  path: Assets/Scripts/Game
  artifactKey: Guid(e718200af71c9b5459bfa29434a388ce) Importer(815301076,1909f56bfc062723c751e8b465ee728b)
Start importing Assets/Scripts/Game using Guid(e718200af71c9b5459bfa29434a388ce) Importer(815301076,1909f56bfc062723c751e8b465ee728b)  -> (artifact id: '2babe0394e1b2c375d1dd8b868749848') in 0.012220 seconds
  Import took 0.015489 seconds .

========================================================================
Received Import Request.
  Time since last request: 115.530022 seconds.
  path: Assets/Scripts/Game/GameManager.cs
  artifactKey: Guid(d2ed696cfb45cd24e99e905ce2062ae1) Importer(815301076,1909f56bfc062723c751e8b465ee728b)
Start importing Assets/Scripts/Game/GameManager.cs using Guid(d2ed696cfb45cd24e99e905ce2062ae1) Importer(815301076,1909f56bfc062723c751e8b465ee728b)  -> (artifact id: '2c2a5958154b68316c1190e6703fdeb0') in 0.012741 seconds
  Import took 0.016301 seconds .

========================================================================
Received Prepare
Registering precompiled user dll's ...
Registered in 0.001164 seconds.
Begin MonoManager ReloadAssembly
Native extension for WindowsStandalone target not found
Refreshing native plugins compatible for Editor in 0.41 ms, found 1 plugins.
Preloading 0 native plugins for Editor in 0.00 ms.
Mono: successfully reloaded assembly
- Completed reload, in  1.066 seconds
Platform modules already initialized, skipping
Refreshing native plugins compatible for Editor in 0.39 ms, found 1 plugins.
Preloading 0 native plugins for Editor in 0.00 ms.
Unloading 1805 Unused Serialized files (Serialized files now loaded: 0)
System memory in use before: 86.0 MB.
System memory in use after: 86.0 MB.

Unloading 12 unused Assets to reduce memory usage. Loaded Objects now: 2310.
Total: 2.404600 ms (FindLiveObjects: 0.214600 ms CreateObjectMapping: 0.044200 ms MarkObjects: 2.000100 ms  DeleteObjects: 0.144100 ms)

========================================================================
Received Import Request.
  Time since last request: 19.646189 seconds.
  path: Assets/Scripts/Game/GameController.cs
  artifactKey: Guid(d2ed696cfb45cd24e99e905ce2062ae1) Importer(815301076,1909f56bfc062723c751e8b465ee728b)
Start importing Assets/Scripts/Game/GameController.cs using Guid(d2ed696cfb45cd24e99e905ce2062ae1) Importer(815301076,1909f56bfc062723c751e8b465ee728b)  -> (artifact id: '3bcd06fc292fdc31199502e4e996f4b5') in 0.016379 seconds
  Import took 0.020178 seconds .

========================================================================
Received Prepare
Registering precompiled user dll's ...
Registered in 0.000983 seconds.
Begin MonoManager ReloadAssembly
Native extension for WindowsStandalone target not found
Refreshing native plugins compatible for Editor in 0.39 ms, found 1 plugins.
Preloading 0 native plugins for Editor in 0.00 ms.
Mono: successfully reloaded assembly
- Completed reload, in  1.067 seconds
Platform modules already initialized, skipping
Refreshing native plugins compatible for Editor in 0.42 ms, found 1 plugins.
Preloading 0 native plugins for Editor in 0.00 ms.
Unloading 1805 Unused Serialized files (Serialized files now loaded: 0)
System memory in use before: 86.0 MB.
System memory in use after: 86.0 MB.

Unloading 12 unused Assets to reduce memory usage. Loaded Objects now: 2314.
Total: 2.837900 ms (FindLiveObjects: 0.239300 ms CreateObjectMapping: 0.061800 ms MarkObjects: 2.367900 ms  DeleteObjects: 0.166800 ms)

========================================================================
Received Import Request.
  Time since last request: 29.570363 seconds.
  path: Assets/Scripts/Game/GameController.cs
  artifactKey: Guid(d2ed696cfb45cd24e99e905ce2062ae1) Importer(815301076,1909f56bfc062723c751e8b465ee728b)
Start importing Assets/Scripts/Game/GameController.cs using Guid(d2ed696cfb45cd24e99e905ce2062ae1) Importer(815301076,1909f56bfc062723c751e8b465ee728b)  -> (artifact id: 'a644e8d45a535b4af6a3d179253808df') in 0.014038 seconds
  Import took 0.018195 seconds .

========================================================================
Received Prepare
Registering precompiled user dll's ...
Registered in 0.000900 seconds.
Begin MonoManager ReloadAssembly
Native extension for WindowsStandalone target not found
Refreshing native plugins compatible for Editor in 0.48 ms, found 1 plugins.
Preloading 0 native plugins for Editor in 0.00 ms.
Mono: successfully reloaded assembly
- Completed reload, in  1.127 seconds
Platform modules already initialized, skipping
Refreshing native plugins compatible for Editor in 0.43 ms, found 1 plugins.
Preloading 0 native plugins for Editor in 0.00 ms.
Unloading 1805 Unused Serialized files (Serialized files now loaded: 0)
System memory in use before: 86.0 MB.
System memory in use after: 86.0 MB.

Unloading 12 unused Assets to reduce memory usage. Loaded Objects now: 2318.
Total: 3.147500 ms (FindLiveObjects: 0.224100 ms CreateObjectMapping: 0.069000 ms MarkObjects: 2.625000 ms  DeleteObjects: 0.227600 ms)

========================================================================
Received Prepare
Registering precompiled user dll's ...
Registered in 0.000911 seconds.
Begin MonoManager ReloadAssembly
Native extension for WindowsStandalone target not found
Refreshing native plugins compatible for Editor in 0.41 ms, found 1 plugins.
Preloading 0 native plugins for Editor in 0.00 ms.
Mono: successfully reloaded assembly
- Completed reload, in  1.109 seconds
Platform modules already initialized, skipping
Refreshing native plugins compatible for Editor in 0.38 ms, found 1 plugins.
Preloading 0 native plugins for Editor in 0.00 ms.
Unloading 1805 Unused Serialized files (Serialized files now loaded: 0)
System memory in use before: 86.0 MB.
System memory in use after: 86.0 MB.

Unloading 12 unused Assets to reduce memory usage. Loaded Objects now: 2322.
Total: 3.762400 ms (FindLiveObjects: 0.213600 ms CreateObjectMapping: 0.046600 ms MarkObjects: 3.354600 ms  DeleteObjects: 0.145800 ms)

========================================================================
Received Prepare
Registering precompiled user dll's ...
Registered in 0.000968 seconds.
Begin MonoManager ReloadAssembly
Native extension for WindowsStandalone target not found
Refreshing native plugins compatible for Editor in 0.52 ms, found 1 plugins.
Preloading 0 native plugins for Editor in 0.00 ms.
Mono: successfully reloaded assembly
- Completed reload, in  1.077 seconds
Platform modules already initialized, skipping
Refreshing native plugins compatible for Editor in 0.39 ms, found 1 plugins.
Preloading 0 native plugins for Editor in 0.00 ms.
Unloading 1805 Unused Serialized files (Serialized files now loaded: 0)
System memory in use before: 86.0 MB.
System memory in use after: 86.0 MB.

Unloading 12 unused Assets to reduce memory usage. Loaded Objects now: 2326.
Total: 2.876300 ms (FindLiveObjects: 0.242700 ms CreateObjectMapping: 0.062000 ms MarkObjects: 2.401700 ms  DeleteObjects: 0.168600 ms)

========================================================================
Received Import Request.
  Time since last request: 192.485542 seconds.
  path: Assets/Scripts/Game/GameController.cs
  artifactKey: Guid(d2ed696cfb45cd24e99e905ce2062ae1) Importer(815301076,1909f56bfc062723c751e8b465ee728b)
Start importing Assets/Scripts/Game/GameController.cs using Guid(d2ed696cfb45cd24e99e905ce2062ae1) Importer(815301076,1909f56bfc062723c751e8b465ee728b)  -> (artifact id: '76f6fb8324d581408c284275fa75a1b9') in 0.005627 seconds
  Import took 0.019942 seconds .

========================================================================
Received Import Request.
  Time since last request: 43.225694 seconds.
  path: Assets/Scripts/Game/Controller_Game.cs
  artifactKey: Guid(f1a56a8dd25e78440b36ef00be6b7ac8) Importer(815301076,1909f56bfc062723c751e8b465ee728b)
Start importing Assets/Scripts/Game/Controller_Game.cs using Guid(f1a56a8dd25e78440b36ef00be6b7ac8) Importer(815301076,1909f56bfc062723c751e8b465ee728b)  -> (artifact id: 'd6ce5300d5fcdc09d30d10833d58df97') in 0.020155 seconds
  Import took 0.024213 seconds .

========================================================================
Received Prepare
Registering precompiled user dll's ...
Registered in 0.001159 seconds.
Begin MonoManager ReloadAssembly
Native extension for WindowsStandalone target not found
Refreshing native plugins compatible for Editor in 0.41 ms, found 1 plugins.
Preloading 0 native plugins for Editor in 0.00 ms.
Mono: successfully reloaded assembly
- Completed reload, in  1.125 seconds
Platform modules already initialized, skipping
Refreshing native plugins compatible for Editor in 0.38 ms, found 1 plugins.
Preloading 0 native plugins for Editor in 0.00 ms.
Unloading 1806 Unused Serialized files (Serialized files now loaded: 0)
System memory in use before: 86.1 MB.
System memory in use after: 86.0 MB.

Unloading 12 unused Assets to reduce memory usage. Loaded Objects now: 2331.
Total: 2.811400 ms (FindLiveObjects: 0.228100 ms CreateObjectMapping: 0.046200 ms MarkObjects: 2.346200 ms  DeleteObjects: 0.186200 ms)

========================================================================
Received Import Request.
  Time since last request: 18.502449 seconds.
  path: Assets/Scripts/Game/Controller_Game.cs
  artifactKey: Guid(f1a56a8dd25e78440b36ef00be6b7ac8) Importer(815301076,1909f56bfc062723c751e8b465ee728b)
Start importing Assets/Scripts/Game/Controller_Game.cs using Guid(f1a56a8dd25e78440b36ef00be6b7ac8) Importer(815301076,1909f56bfc062723c751e8b465ee728b)  -> (artifact id: '6e46234e633372fb87f5234cebe348ff') in 0.007854 seconds
  Import took 0.011509 seconds .

========================================================================
Received Import Request.
  Time since last request: 3.125932 seconds.
  path: Assets/Scripts/Game/Controller_Game.cs
  artifactKey: Guid(f1a56a8dd25e78440b36ef00be6b7ac8) Importer(815301076,1909f56bfc062723c751e8b465ee728b)
Start importing Assets/Scripts/Game/Controller_Game.cs using Guid(f1a56a8dd25e78440b36ef00be6b7ac8) Importer(815301076,1909f56bfc062723c751e8b465ee728b)  -> (artifact id: '59c8e05a084b9ef0b7e4a4ea0f606bfb') in 0.013611 seconds
  Import took 0.030183 seconds .

========================================================================
Received Prepare
Registering precompiled user dll's ...
Registered in 0.001180 seconds.
Begin MonoManager ReloadAssembly
Native extension for WindowsStandalone target not found
Refreshing native plugins compatible for Editor in 0.40 ms, found 1 plugins.
Preloading 0 native plugins for Editor in 0.00 ms.
Mono: successfully reloaded assembly
- Completed reload, in  1.073 seconds
Platform modules already initialized, skipping
Refreshing native plugins compatible for Editor in 0.39 ms, found 1 plugins.
Preloading 0 native plugins for Editor in 0.00 ms.
Unloading 1806 Unused Serialized files (Serialized files now loaded: 0)
System memory in use before: 86.1 MB.
System memory in use after: 86.1 MB.

Unloading 12 unused Assets to reduce memory usage. Loaded Objects now: 2335.
Total: 2.910900 ms (FindLiveObjects: 0.307700 ms CreateObjectMapping: 0.069700 ms MarkObjects: 2.362900 ms  DeleteObjects: 0.169100 ms)

========================================================================
Received Prepare
Registering precompiled user dll's ...
Registered in 0.000900 seconds.
Begin MonoManager ReloadAssembly
Native extension for WindowsStandalone target not found
Refreshing native plugins compatible for Editor in 0.53 ms, found 1 plugins.
Preloading 0 native plugins for Editor in 0.00 ms.
Mono: successfully reloaded assembly
- Completed reload, in  1.094 seconds
Platform modules already initialized, skipping
Refreshing native plugins compatible for Editor in 0.39 ms, found 1 plugins.
Preloading 0 native plugins for Editor in 0.00 ms.
Unloading 1805 Unused Serialized files (Serialized files now loaded: 0)
System memory in use before: 86.1 MB.
System memory in use after: 86.0 MB.

Unloading 13 unused Assets to reduce memory usage. Loaded Objects now: 2338.
Total: 2.684200 ms (FindLiveObjects: 0.217500 ms CreateObjectMapping: 0.044400 ms MarkObjects: 2.268200 ms  DeleteObjects: 0.152400 ms)

========================================================================
Received Prepare
Registering precompiled user dll's ...
Registered in 0.001646 seconds.
Begin MonoManager ReloadAssembly
Native extension for WindowsStandalone target not found
Refreshing native plugins compatible for Editor in 0.41 ms, found 1 plugins.
Preloading 0 native plugins for Editor in 0.00 ms.
Mono: successfully reloaded assembly
- Completed reload, in  1.673 seconds
Platform modules already initialized, skipping
Refreshing native plugins compatible for Editor in 0.41 ms, found 1 plugins.
Preloading 0 native plugins for Editor in 0.00 ms.
Unloading 1805 Unused Serialized files (Serialized files now loaded: 0)
System memory in use before: 86.1 MB.
System memory in use after: 86.1 MB.

Unloading 12 unused Assets to reduce memory usage. Loaded Objects now: 2342.
Total: 15.639100 ms (FindLiveObjects: 0.276700 ms CreateObjectMapping: 0.048100 ms MarkObjects: 15.153000 ms  DeleteObjects: 0.159400 ms)

========================================================================
Received Prepare
Registering precompiled user dll's ...
Registered in 0.001037 seconds.
Begin MonoManager ReloadAssembly
Native extension for WindowsStandalone target not found
Refreshing native plugins compatible for Editor in 0.48 ms, found 1 plugins.
Preloading 0 native plugins for Editor in 0.00 ms.
Mono: successfully reloaded assembly
- Completed reload, in  1.040 seconds
Platform modules already initialized, skipping
Refreshing native plugins compatible for Editor in 0.39 ms, found 1 plugins.
Preloading 0 native plugins for Editor in 0.00 ms.
Unloading 1805 Unused Serialized files (Serialized files now loaded: 0)
System memory in use before: 86.1 MB.
System memory in use after: 86.1 MB.

Unloading 12 unused Assets to reduce memory usage. Loaded Objects now: 2346.
Total: 2.781700 ms (FindLiveObjects: 0.253700 ms CreateObjectMapping: 0.053200 ms MarkObjects: 2.324400 ms  DeleteObjects: 0.149000 ms)

========================================================================
Received Prepare
Registering precompiled user dll's ...
Registered in 0.001239 seconds.
Begin MonoManager ReloadAssembly
Native extension for WindowsStandalone target not found
Refreshing native plugins compatible for Editor in 0.53 ms, found 1 plugins.
Preloading 0 native plugins for Editor in 0.00 ms.
Mono: successfully reloaded assembly
- Completed reload, in  2.583 seconds
Platform modules already initialized, skipping
Refreshing native plugins compatible for Editor in 0.43 ms, found 1 plugins.
Preloading 0 native plugins for Editor in 0.00 ms.
Unloading 1805 Unused Serialized files (Serialized files now loaded: 0)
System memory in use before: 86.1 MB.
System memory in use after: 86.1 MB.

Unloading 12 unused Assets to reduce memory usage. Loaded Objects now: 2350.
Total: 3.488500 ms (FindLiveObjects: 0.239800 ms CreateObjectMapping: 0.047000 ms MarkObjects: 3.047000 ms  DeleteObjects: 0.152500 ms)

========================================================================
Received Prepare
Registering precompiled user dll's ...
Registered in 0.000972 seconds.
Begin MonoManager ReloadAssembly
Native extension for WindowsStandalone target not found
Refreshing native plugins compatible for Editor in 0.41 ms, found 1 plugins.
Preloading 0 native plugins for Editor in 0.00 ms.
Mono: successfully reloaded assembly
- Completed reload, in  1.149 seconds
Platform modules already initialized, skipping
Refreshing native plugins compatible for Editor in 0.49 ms, found 1 plugins.
Preloading 0 native plugins for Editor in 0.00 ms.
Unloading 1805 Unused Serialized files (Serialized files now loaded: 0)
System memory in use before: 86.1 MB.
System memory in use after: 86.1 MB.

Unloading 12 unused Assets to reduce memory usage. Loaded Objects now: 2354.
Total: 2.853900 ms (FindLiveObjects: 0.220100 ms CreateObjectMapping: 0.047500 ms MarkObjects: 2.410200 ms  DeleteObjects: 0.174600 ms)

========================================================================
Received Prepare
Registering precompiled user dll's ...
Registered in 0.000989 seconds.
Begin MonoManager ReloadAssembly
Native extension for WindowsStandalone target not found
Refreshing native plugins compatible for Editor in 0.46 ms, found 1 plugins.
Preloading 0 native plugins for Editor in 0.00 ms.
Mono: successfully reloaded assembly
- Completed reload, in  1.054 seconds
Platform modules already initialized, skipping
Refreshing native plugins compatible for Editor in 0.39 ms, found 1 plugins.
Preloading 0 native plugins for Editor in 0.00 ms.
Unloading 1805 Unused Serialized files (Serialized files now loaded: 0)
System memory in use before: 86.1 MB.
System memory in use after: 86.1 MB.

Unloading 12 unused Assets to reduce memory usage. Loaded Objects now: 2358.
Total: 2.983400 ms (FindLiveObjects: 0.244000 ms CreateObjectMapping: 0.063000 ms MarkObjects: 2.504800 ms  DeleteObjects: 0.169900 ms)

========================================================================
Received Import Request.
  Time since last request: 234.491217 seconds.
  path: Assets/Scripts/Game/ButtonGroup_PlayerMove.prefab
  artifactKey: Guid(94e20f511a7150241bffda693398dd8a) Importer(815301076,1909f56bfc062723c751e8b465ee728b)
Start importing Assets/Scripts/Game/ButtonGroup_PlayerMove.prefab using Guid(94e20f511a7150241bffda693398dd8a) Importer(815301076,1909f56bfc062723c751e8b465ee728b)  -> (artifact id: 'ecc4e6ae97303bb6239a32221f0493ef') in 0.132429 seconds
  Import took 0.136689 seconds .

========================================================================
Received Import Request.
  Time since last request: 21.633863 seconds.
  path: Assets/Prefabs
  artifactKey: Guid(3ec947d3f93780e4bb740222b087bb32) Importer(815301076,1909f56bfc062723c751e8b465ee728b)
Start importing Assets/Prefabs using Guid(3ec947d3f93780e4bb740222b087bb32) Importer(815301076,1909f56bfc062723c751e8b465ee728b)  -> (artifact id: 'eaee758de7aae1c1c17b1ba28520e480') in 0.011189 seconds
  Import took 0.014336 seconds .

========================================================================
Received Import Request.
  Time since last request: 3.390128 seconds.
  path: Assets/Prefabs/ButtonGroup_PlayerMove.prefab
  artifactKey: Guid(d63aa633504a8bb499f39b511ce7e5c5) Importer(815301076,1909f56bfc062723c751e8b465ee728b)
Start importing Assets/Prefabs/ButtonGroup_PlayerMove.prefab using Guid(d63aa633504a8bb499f39b511ce7e5c5) Importer(815301076,1909f56bfc062723c751e8b465ee728b)  -> (artifact id: '72667332eab139f5602675907c538f8e') in 0.026919 seconds
  Import took 0.031009 seconds .

========================================================================
Received Import Request.
  Time since last request: 0.002862 seconds.
  path: Assets/Prefabs/ButtonGroup_PlayerMove.prefab
  artifactKey: Guid(d63aa633504a8bb499f39b511ce7e5c5) Importer(815301076,1909f56bfc062723c751e8b465ee728b)
Start importing Assets/Prefabs/ButtonGroup_PlayerMove.prefab using Guid(d63aa633504a8bb499f39b511ce7e5c5) Importer(815301076,1909f56bfc062723c751e8b465ee728b)  -> (artifact id: '72667332eab139f5602675907c538f8e') in 0.028769 seconds
  Import took 0.032868 seconds .

========================================================================
Received Import Request.
  Time since last request: 10.069041 seconds.
  path: Assets/Scripts/Game/Controller_Game.cs
  artifactKey: Guid(f1a56a8dd25e78440b36ef00be6b7ac8) Importer(815301076,1909f56bfc062723c751e8b465ee728b)
Start importing Assets/Scripts/Game/Controller_Game.cs using Guid(f1a56a8dd25e78440b36ef00be6b7ac8) Importer(815301076,1909f56bfc062723c751e8b465ee728b)  -> (artifact id: '9f124115e0e363fc822c0c3f11b04a48') in 0.004684 seconds
  Import took 0.008348 seconds .

========================================================================
Received Import Request.
  Time since last request: 0.042945 seconds.
  path: Assets/Scripts/Game/Controller_Game.cs
  artifactKey: Guid(f1a56a8dd25e78440b36ef00be6b7ac8) Importer(815301076,1909f56bfc062723c751e8b465ee728b)
Start importing Assets/Scripts/Game/Controller_Game.cs using Guid(f1a56a8dd25e78440b36ef00be6b7ac8) Importer(815301076,1909f56bfc062723c751e8b465ee728b)  -> (artifact id: '9f124115e0e363fc822c0c3f11b04a48') in 0.005346 seconds
  Import took 0.008960 seconds .

========================================================================
Received Import Request.
  Time since last request: 33.787563 seconds.
  path: Assets/Scripts/Game/Controller_Game.cs
  artifactKey: Guid(f1a56a8dd25e78440b36ef00be6b7ac8) Importer(815301076,1909f56bfc062723c751e8b465ee728b)
Start importing Assets/Scripts/Game/Controller_Game.cs using Guid(f1a56a8dd25e78440b36ef00be6b7ac8) Importer(815301076,1909f56bfc062723c751e8b465ee728b)  -> (artifact id: '78a18b084d19636ee02cd7005d823bd9') in 0.011594 seconds
  Import took 0.015879 seconds .

========================================================================
Received Prepare
Registering precompiled user dll's ...
Registered in 0.000929 seconds.
Begin MonoManager ReloadAssembly
Native extension for WindowsStandalone target not found
Refreshing native plugins compatible for Editor in 0.39 ms, found 1 plugins.
Preloading 0 native plugins for Editor in 0.00 ms.
Mono: successfully reloaded assembly
- Completed reload, in  1.086 seconds
Platform modules already initialized, skipping
Refreshing native plugins compatible for Editor in 0.38 ms, found 1 plugins.
Preloading 0 native plugins for Editor in 0.00 ms.
Unloading 1805 Unused Serialized files (Serialized files now loaded: 0)
System memory in use before: 86.2 MB.
System memory in use after: 86.1 MB.

Unloading 13 unused Assets to reduce memory usage. Loaded Objects now: 2362.
Total: 2.924800 ms (FindLiveObjects: 0.252000 ms CreateObjectMapping: 0.062800 ms MarkObjects: 2.435500 ms  DeleteObjects: 0.172800 ms)

========================================================================
Received Prepare
Registering precompiled user dll's ...
Registered in 0.000959 seconds.
Begin MonoManager ReloadAssembly
Native extension for WindowsStandalone target not found
Refreshing native plugins compatible for Editor in 0.39 ms, found 1 plugins.
Preloading 0 native plugins for Editor in 0.00 ms.
Mono: successfully reloaded assembly
- Completed reload, in  1.075 seconds
Platform modules already initialized, skipping
Refreshing native plugins compatible for Editor in 0.39 ms, found 1 plugins.
Preloading 0 native plugins for Editor in 0.00 ms.
Unloading 1805 Unused Serialized files (Serialized files now loaded: 0)
System memory in use before: 86.2 MB.
System memory in use after: 86.1 MB.

Unloading 12 unused Assets to reduce memory usage. Loaded Objects now: 2366.
Total: 2.631100 ms (FindLiveObjects: 0.228100 ms CreateObjectMapping: 0.044200 ms MarkObjects: 2.190400 ms  DeleteObjects: 0.166700 ms)

========================================================================
Received Import Request.
  Time since last request: 177.999422 seconds.
  path: Assets/Scripts/Game/Controller_Game.cs
  artifactKey: Guid(f1a56a8dd25e78440b36ef00be6b7ac8) Importer(815301076,1909f56bfc062723c751e8b465ee728b)
Start importing Assets/Scripts/Game/Controller_Game.cs using Guid(f1a56a8dd25e78440b36ef00be6b7ac8) Importer(815301076,1909f56bfc062723c751e8b465ee728b)  -> (artifact id: '06c843477fa1ad5e205da1a85eced349') in 0.008828 seconds
  Import took 0.012981 seconds .

========================================================================
Received Prepare
Registering precompiled user dll's ...
Registered in 0.000910 seconds.
Begin MonoManager ReloadAssembly
Native extension for WindowsStandalone target not found
Refreshing native plugins compatible for Editor in 0.43 ms, found 1 plugins.
Preloading 0 native plugins for Editor in 0.00 ms.
Mono: successfully reloaded assembly
- Completed reload, in  1.114 seconds
Platform modules already initialized, skipping
Refreshing native plugins compatible for Editor in 0.39 ms, found 1 plugins.
Preloading 0 native plugins for Editor in 0.00 ms.
Unloading 1805 Unused Serialized files (Serialized files now loaded: 0)
System memory in use before: 86.2 MB.
System memory in use after: 86.1 MB.

Unloading 12 unused Assets to reduce memory usage. Loaded Objects now: 2370.
Total: 3.923500 ms (FindLiveObjects: 0.350400 ms CreateObjectMapping: 0.075800 ms MarkObjects: 3.347900 ms  DeleteObjects: 0.147600 ms)

========================================================================
Received Prepare
Registering precompiled user dll's ...
Registered in 0.000963 seconds.
Begin MonoManager ReloadAssembly
Native extension for WindowsStandalone target not found
Refreshing native plugins compatible for Editor in 0.42 ms, found 1 plugins.
Preloading 0 native plugins for Editor in 0.00 ms.
Mono: successfully reloaded assembly
- Completed reload, in  1.171 seconds
Platform modules already initialized, skipping
Refreshing native plugins compatible for Editor in 0.38 ms, found 1 plugins.
Preloading 0 native plugins for Editor in 0.00 ms.
Unloading 1805 Unused Serialized files (Serialized files now loaded: 0)
System memory in use before: 86.2 MB.
System memory in use after: 86.1 MB.

Unloading 12 unused Assets to reduce memory usage. Loaded Objects now: 2374.
Total: 2.623300 ms (FindLiveObjects: 0.241100 ms CreateObjectMapping: 0.054200 ms MarkObjects: 2.182900 ms  DeleteObjects: 0.143700 ms)

========================================================================
Received Import Request.
  Time since last request: 24.872639 seconds.
  path: Assets/Scripts/Game/Controller_Game.cs
  artifactKey: Guid(f1a56a8dd25e78440b36ef00be6b7ac8) Importer(815301076,1909f56bfc062723c751e8b465ee728b)
Start importing Assets/Scripts/Game/Controller_Game.cs using Guid(f1a56a8dd25e78440b36ef00be6b7ac8) Importer(815301076,1909f56bfc062723c751e8b465ee728b)  -> (artifact id: '68769f25001ef6db53c1ab3cce6a0a3f') in 0.005928 seconds
  Import took 0.009150 seconds .

========================================================================
Received Prepare
Registering precompiled user dll's ...
Registered in 0.000878 seconds.
Begin MonoManager ReloadAssembly
Native extension for WindowsStandalone target not found
Refreshing native plugins compatible for Editor in 0.39 ms, found 1 plugins.
Preloading 0 native plugins for Editor in 0.00 ms.
Mono: successfully reloaded assembly
- Completed reload, in  1.117 seconds
Platform modules already initialized, skipping
Refreshing native plugins compatible for Editor in 0.46 ms, found 1 plugins.
Preloading 0 native plugins for Editor in 0.00 ms.
Unloading 1805 Unused Serialized files (Serialized files now loaded: 0)
System memory in use before: 86.2 MB.
System memory in use after: 86.2 MB.

Unloading 12 unused Assets to reduce memory usage. Loaded Objects now: 2378.
Total: 2.949300 ms (FindLiveObjects: 0.251400 ms CreateObjectMapping: 0.066500 ms MarkObjects: 2.458100 ms  DeleteObjects: 0.171900 ms)

========================================================================
Received Import Request.
  Time since last request: 96.701893 seconds.
  path: Assets/Scripts/Game/Controller_Game.cs
  artifactKey: Guid(f1a56a8dd25e78440b36ef00be6b7ac8) Importer(815301076,1909f56bfc062723c751e8b465ee728b)
Start importing Assets/Scripts/Game/Controller_Game.cs using Guid(f1a56a8dd25e78440b36ef00be6b7ac8) Importer(815301076,1909f56bfc062723c751e8b465ee728b)  -> (artifact id: 'b3c25210c678dbee276c37313e22e749') in 0.006168 seconds
  Import took 0.009902 seconds .

========================================================================
Received Import Request.
  Time since last request: 0.105247 seconds.
  path: Assets/Scripts/Game/Controller_Game.cs
  artifactKey: Guid(f1a56a8dd25e78440b36ef00be6b7ac8) Importer(815301076,1909f56bfc062723c751e8b465ee728b)
Start importing Assets/Scripts/Game/Controller_Game.cs using Guid(f1a56a8dd25e78440b36ef00be6b7ac8) Importer(815301076,1909f56bfc062723c751e8b465ee728b)  -> (artifact id: 'b3c25210c678dbee276c37313e22e749') in 0.006650 seconds
  Import took 0.010305 seconds .

========================================================================
Received Prepare
Registering precompiled user dll's ...
Registered in 0.000910 seconds.
Begin MonoManager ReloadAssembly
Native extension for WindowsStandalone target not found
Refreshing native plugins compatible for Editor in 0.39 ms, found 1 plugins.
Preloading 0 native plugins for Editor in 0.00 ms.
Mono: successfully reloaded assembly
- Completed reload, in  1.151 seconds
Platform modules already initialized, skipping
Refreshing native plugins compatible for Editor in 0.46 ms, found 1 plugins.
Preloading 0 native plugins for Editor in 0.00 ms.
Unloading 1805 Unused Serialized files (Serialized files now loaded: 0)
System memory in use before: 86.2 MB.
System memory in use after: 86.2 MB.

Unloading 12 unused Assets to reduce memory usage. Loaded Objects now: 2382.
Total: 3.037100 ms (FindLiveObjects: 0.273900 ms CreateObjectMapping: 0.063000 ms MarkObjects: 2.551600 ms  DeleteObjects: 0.146700 ms)

========================================================================
Received Import Request.
  Time since last request: 21.823688 seconds.
  path: Assets/Scripts/Game/Controller_Game.cs
  artifactKey: Guid(f1a56a8dd25e78440b36ef00be6b7ac8) Importer(815301076,1909f56bfc062723c751e8b465ee728b)
Start importing Assets/Scripts/Game/Controller_Game.cs using Guid(f1a56a8dd25e78440b36ef00be6b7ac8) Importer(815301076,1909f56bfc062723c751e8b465ee728b)  -> (artifact id: '2df070d3e1f736a735c7a02c7604db9b') in 0.006190 seconds
  Import took 0.009812 seconds .

========================================================================
Received Import Request.
  Time since last request: 0.094096 seconds.
  path: Assets/Scripts/Game/Controller_Game.cs
  artifactKey: Guid(f1a56a8dd25e78440b36ef00be6b7ac8) Importer(815301076,1909f56bfc062723c751e8b465ee728b)
Start importing Assets/Scripts/Game/Controller_Game.cs using Guid(f1a56a8dd25e78440b36ef00be6b7ac8) Importer(815301076,1909f56bfc062723c751e8b465ee728b)  -> (artifact id: '2df070d3e1f736a735c7a02c7604db9b') in 0.021728 seconds
  Import took 0.030296 seconds .

========================================================================
Received Prepare
Registering precompiled user dll's ...
Registered in 0.000899 seconds.
Begin MonoManager ReloadAssembly
Native extension for WindowsStandalone target not found
Refreshing native plugins compatible for Editor in 0.46 ms, found 1 plugins.
Preloading 0 native plugins for Editor in 0.00 ms.
Mono: successfully reloaded assembly
- Completed reload, in  1.099 seconds
Platform modules already initialized, skipping
Refreshing native plugins compatible for Editor in 0.40 ms, found 1 plugins.
Preloading 0 native plugins for Editor in 0.00 ms.
Unloading 1805 Unused Serialized files (Serialized files now loaded: 0)
System memory in use before: 86.2 MB.
System memory in use after: 86.2 MB.

Unloading 12 unused Assets to reduce memory usage. Loaded Objects now: 2386.
Total: 2.981500 ms (FindLiveObjects: 0.252900 ms CreateObjectMapping: 0.063400 ms MarkObjects: 2.493900 ms  DeleteObjects: 0.170000 ms)

========================================================================
Received Prepare
Registering precompiled user dll's ...
Registered in 0.001064 seconds.
Begin MonoManager ReloadAssembly
Native extension for WindowsStandalone target not found
Refreshing native plugins compatible for Editor in 0.47 ms, found 1 plugins.
Preloading 0 native plugins for Editor in 0.00 ms.
Mono: successfully reloaded assembly
- Completed reload, in  1.131 seconds
Platform modules already initialized, skipping
Refreshing native plugins compatible for Editor in 0.40 ms, found 1 plugins.
Preloading 0 native plugins for Editor in 0.00 ms.
Unloading 1805 Unused Serialized files (Serialized files now loaded: 0)
System memory in use before: 86.2 MB.
System memory in use after: 86.2 MB.

Unloading 12 unused Assets to reduce memory usage. Loaded Objects now: 2390.
Total: 2.230600 ms (FindLiveObjects: 0.224300 ms CreateObjectMapping: 0.045000 ms MarkObjects: 1.822100 ms  DeleteObjects: 0.137900 ms)

========================================================================
Received Import Request.
  Time since last request: 114.825745 seconds.
  path: Assets/Scripts/Game/Controller_Game.cs
  artifactKey: Guid(f1a56a8dd25e78440b36ef00be6b7ac8) Importer(815301076,1909f56bfc062723c751e8b465ee728b)
Start importing Assets/Scripts/Game/Controller_Game.cs using Guid(f1a56a8dd25e78440b36ef00be6b7ac8) Importer(815301076,1909f56bfc062723c751e8b465ee728b)  -> (artifact id: 'edb6e5ad851407592dce8d3ba5d37705') in 0.006825 seconds
  Import took 0.010252 seconds .

========================================================================
Received Prepare
Registering precompiled user dll's ...
Registered in 0.000991 seconds.
Begin MonoManager ReloadAssembly
Native extension for WindowsStandalone target not found
Refreshing native plugins compatible for Editor in 0.40 ms, found 1 plugins.
Preloading 0 native plugins for Editor in 0.00 ms.
Mono: successfully reloaded assembly
- Completed reload, in  1.140 seconds
Platform modules already initialized, skipping
Refreshing native plugins compatible for Editor in 0.40 ms, found 1 plugins.
Preloading 0 native plugins for Editor in 0.00 ms.
Unloading 1805 Unused Serialized files (Serialized files now loaded: 0)
System memory in use before: 86.2 MB.
System memory in use after: 86.2 MB.

Unloading 12 unused Assets to reduce memory usage. Loaded Objects now: 2394.
Total: 2.350100 ms (FindLiveObjects: 0.260600 ms CreateObjectMapping: 0.054700 ms MarkObjects: 1.889400 ms  DeleteObjects: 0.143500 ms)

========================================================================
Received Import Request.
  Time since last request: 64.979708 seconds.
  path: Assets/Scripts/Game/Controller_Game.cs
  artifactKey: Guid(f1a56a8dd25e78440b36ef00be6b7ac8) Importer(815301076,1909f56bfc062723c751e8b465ee728b)
Start importing Assets/Scripts/Game/Controller_Game.cs using Guid(f1a56a8dd25e78440b36ef00be6b7ac8) Importer(815301076,1909f56bfc062723c751e8b465ee728b)  -> (artifact id: '64bc85bfdb72095260a3caa846d5060e') in 0.006103 seconds
  Import took 0.009179 seconds .

========================================================================
Received Prepare
Registering precompiled user dll's ...
Registered in 0.001167 seconds.
Begin MonoManager ReloadAssembly
Native extension for WindowsStandalone target not found
Refreshing native plugins compatible for Editor in 2.72 ms, found 1 plugins.
Preloading 0 native plugins for Editor in 0.00 ms.
Mono: successfully reloaded assembly
- Completed reload, in  1.790 seconds
Platform modules already initialized, skipping
Refreshing native plugins compatible for Editor in 0.40 ms, found 1 plugins.
Preloading 0 native plugins for Editor in 0.00 ms.
Unloading 1805 Unused Serialized files (Serialized files now loaded: 0)
System memory in use before: 86.2 MB.
System memory in use after: 86.2 MB.

Unloading 12 unused Assets to reduce memory usage. Loaded Objects now: 2398.
Total: 3.012700 ms (FindLiveObjects: 0.262900 ms CreateObjectMapping: 0.056100 ms MarkObjects: 2.519200 ms  DeleteObjects: 0.172500 ms)

========================================================================
Received Import Request.
  Time since last request: 12.538198 seconds.
  path: Assets/Scripts/Game/Controller_Game.cs
  artifactKey: Guid(f1a56a8dd25e78440b36ef00be6b7ac8) Importer(815301076,1909f56bfc062723c751e8b465ee728b)
Start importing Assets/Scripts/Game/Controller_Game.cs using Guid(f1a56a8dd25e78440b36ef00be6b7ac8) Importer(815301076,1909f56bfc062723c751e8b465ee728b)  -> (artifact id: '21fa90603fa07013f375d5f585d44d88') in 0.007994 seconds
  Import took 0.011301 seconds .

========================================================================
Received Prepare
Registering precompiled user dll's ...
Registered in 0.000942 seconds.
Begin MonoManager ReloadAssembly
Native extension for WindowsStandalone target not found
Refreshing native plugins compatible for Editor in 0.45 ms, found 1 plugins.
Preloading 0 native plugins for Editor in 0.00 ms.
Mono: successfully reloaded assembly
- Completed reload, in  1.250 seconds
Platform modules already initialized, skipping
Refreshing native plugins compatible for Editor in 0.48 ms, found 1 plugins.
Preloading 0 native plugins for Editor in 0.00 ms.
Unloading 1805 Unused Serialized files (Serialized files now loaded: 0)
System memory in use before: 86.2 MB.
System memory in use after: 86.2 MB.

Unloading 12 unused Assets to reduce memory usage. Loaded Objects now: 2402.
Total: 3.775500 ms (FindLiveObjects: 0.233400 ms CreateObjectMapping: 0.047600 ms MarkObjects: 3.230300 ms  DeleteObjects: 0.262300 ms)

========================================================================
Received Prepare
Registering precompiled user dll's ...
Registered in 0.000934 seconds.
Begin MonoManager ReloadAssembly
Native extension for WindowsStandalone target not found
Refreshing native plugins compatible for Editor in 0.63 ms, found 1 plugins.
Preloading 0 native plugins for Editor in 0.00 ms.
Mono: successfully reloaded assembly
- Completed reload, in  4.073 seconds
Platform modules already initialized, skipping
Refreshing native plugins compatible for Editor in 0.75 ms, found 1 plugins.
Preloading 0 native plugins for Editor in 0.00 ms.
Unloading 1805 Unused Serialized files (Serialized files now loaded: 0)
System memory in use before: 86.3 MB.
System memory in use after: 86.2 MB.

Unloading 12 unused Assets to reduce memory usage. Loaded Objects now: 2406.
Total: 2.777100 ms (FindLiveObjects: 0.228300 ms CreateObjectMapping: 0.046100 ms MarkObjects: 2.352000 ms  DeleteObjects: 0.149000 ms)

AssetImportWorkerClient::OnTransportError - code=2 error=End of file
